<?xml version="1.0" encoding="UTF-8"?>
<!-- Generated by org.testng.reporters.JUnitXMLReporter -->
<testsuite hostname="saikrishnama2c.mylabserver.com" name="Command line test" tests="2" failures="0" timestamp="5 Mar 2020 01:42:26 GMT" time="1.872" errors="0">
  <testcase name="testFormat on testFormat(org.sonatype.mavenbook.weather.yahoo.WeatherFormatterTest)" time="1.677" classname="org.sonatype.mavenbook.weather.yahoo.WeatherFormatterTest"/>
  <testcase name="testParser on testParser(org.sonatype.mavenbook.weather.yahoo.YahooParserTest)" time="0.006" classname="org.sonatype.mavenbook.weather.yahoo.YahooParserTest"/>
</testsuite> <!-- Command line test -->
